<?xml version="1.0" encoding="UTF-8"?>
<!-- Generated by org.testng.reporters.JUnitXMLReporter -->
<testsuite ignored="1" hostname="DESKTOP-UPI6MMU" failures="0" tests="2" name="Test" time="14.966" errors="0" timestamp="2025-02-14T19:02:18 IST">
  <testcase classname="testCases.TC001_AccountRegistration" name="verifyAccountRegistration" time="2.154"/>
  <testcase classname="testCases.TC002_LoginTest" name="verifyLoginTest" time="1.678"/>
  <testcase classname="testCases.TC003_LoginDDT" name="verify_loginDDT" time="0.0">
    <ignored/>
  </testcase> <!-- verify_loginDDT -->
</testsuite> <!-- Test -->
